0 info it worked if it ends with ok
1 verbose cli [ 'C:\\Program Files\\nodejs\\node.exe',
1 verbose cli   'C:\\Program Files\\nodejs\\node_modules\\npm\\bin\\npm-cli.js',
1 verbose cli   'run',
1 verbose cli   'local-start' ]
2 info using npm@3.10.10
3 info using node@v6.11.4
4 verbose run-script [ 'prelocal-start', 'local-start', 'postlocal-start' ]
5 info lifecycle shopify-express-application@1.0.0~prelocal-start: shopify-express-application@1.0.0
6 silly lifecycle shopify-express-application@1.0.0~prelocal-start: no script for prelocal-start, continuing
7 info lifecycle shopify-express-application@1.0.0~local-start: shopify-express-application@1.0.0
8 verbose lifecycle shopify-express-application@1.0.0~local-start: unsafe-perm in lifecycle true
9 verbose lifecycle shopify-express-application@1.0.0~local-start: PATH: C:\Program Files\nodejs\node_modules\npm\bin\node-gyp-bin;E:\Projects\Shopify\Node\shopify-express-application\node_modules\.bin;C:\Windows\system32;C:\Windows;C:\Windows\System32\Wbem;C:\Windows\System32\WindowsPowerShell\v1.0\;C:\Program Files\Git\cmd;C:\xampp\php;C:\ProgramData\ComposerSetup\bin;C:\Program Files (x86)\Skype\Phone\;C:\Windows\system32\config\systemprofile\.dnx\bin;C:\Program Files\Microsoft DNX\Dnvm\;C:\Program Files\Microsoft SQL Server\120\Tools\Binn\;C:\Program Files\Microsoft SQL Server\130\Tools\Binn\;C:\ProgramData\chocolatey\bin;C:\tools\go\bin;C:\Program Files\Geth;C:\Program Files\nodejs\;C:\Ruby24-x64\bin;C:\Users\ACHALAD\bin;C:\Windows\system32;C:\Windows;C:\Windows\System32\Wbem;C:\Windows\System32\WindowsPowerShell\v1.0\;C:\Program Files\Git\cmd;C:\xampp\php;C:\ProgramData\ComposerSetup\bin;C:\Program Files\nodejs\;C:\Program Files (x86)\Skype\Phone\;C:\Users\ACHALAD\.dnx\bin;C:\Program Files\Microsoft DNX\Dnvm\;C:\Program Files\Microsoft SQL Server\120\Tools\Binn\;C:\Program Files\Microsoft SQL Server\130\Tools\Binn\;C:\ProgramData\chocolatey\bin;C:\tools\go\bin;C:\Users\ACHALAD\AppData\Local\Microsoft\WindowsApps;C:\Users\ACHALAD\AppData\Roaming\Composer\vendor\bin;C:\Program Files\Heroku\bin;C:\Users\ACHALAD\AppData\Roaming\npm;C:\Program Files\Microsoft VS Code\bin
10 verbose lifecycle shopify-express-application@1.0.0~local-start: CWD: E:\Projects\Shopify\Node\shopify-express-application
11 silly lifecycle shopify-express-application@1.0.0~local-start: Args: [ '/d /s /c',
11 silly lifecycle   'npm run tsc && npm run react-build && npm run copy-static-assets && npm run start' ]
12 silly lifecycle shopify-express-application@1.0.0~local-start: Returned: code: 3221225786  signal: null
13 info lifecycle shopify-express-application@1.0.0~local-start: Failed to exec local-start script
14 verbose stack Error: shopify-express-application@1.0.0 local-start: `npm run tsc && npm run react-build && npm run copy-static-assets && npm run start`
14 verbose stack Exit status 3221225786
14 verbose stack     at EventEmitter.<anonymous> (C:\Program Files\nodejs\node_modules\npm\lib\utils\lifecycle.js:255:16)
14 verbose stack     at emitTwo (events.js:106:13)
14 verbose stack     at EventEmitter.emit (events.js:191:7)
14 verbose stack     at ChildProcess.<anonymous> (C:\Program Files\nodejs\node_modules\npm\lib\utils\spawn.js:40:14)
14 verbose stack     at emitTwo (events.js:106:13)
14 verbose stack     at ChildProcess.emit (events.js:191:7)
14 verbose stack     at maybeClose (internal/child_process.js:920:16)
14 verbose stack     at Process.ChildProcess._handle.onexit (internal/child_process.js:230:5)
15 verbose pkgid shopify-express-application@1.0.0
16 verbose cwd E:\Projects\Shopify\Node\shopify-express-application
17 error Windows_NT 10.0.14393
18 error argv "C:\\Program Files\\nodejs\\node.exe" "C:\\Program Files\\nodejs\\node_modules\\npm\\bin\\npm-cli.js" "run" "local-start"
19 error node v6.11.4
20 error npm  v3.10.10
21 error code ELIFECYCLE
22 error shopify-express-application@1.0.0 local-start: `npm run tsc && npm run react-build && npm run copy-static-assets && npm run start`
22 error Exit status 3221225786
23 error Failed at the shopify-express-application@1.0.0 local-start script 'npm run tsc && npm run react-build && npm run copy-static-assets && npm run start'.
23 error Make sure you have the latest version of node.js and npm installed.
23 error If you do, this is most likely a problem with the shopify-express-application package,
23 error not with npm itself.
23 error Tell the author that this fails on your system:
23 error     npm run tsc && npm run react-build && npm run copy-static-assets && npm run start
23 error You can get information on how to open an issue for this project with:
23 error     npm bugs shopify-express-application
23 error Or if that isn't available, you can get their info via:
23 error     npm owner ls shopify-express-application
23 error There is likely additional logging output above.
24 verbose exit [ 1, true ]
